<?xml version="1.0" encoding="UTF-8"?>
<!-- Generated by org.testng.reporters.JUnitXMLReporter -->
<testsuite ignored="0" hostname="DESKTOP-13EV4P4" failures="0" tests="4" name="Default test" time="14.728" errors="0" timestamp="2024-01-07T22:13:26 EET">
  <testcase classname="xyzBankTest.xyzBank" name="login" time="4.355"/>
  <testcase classname="xyzBankTest.xyzBank" name="DepositProcess" time="3.793"/>
  <testcase classname="xyzBankTest.xyzBank" name="withdrawalProcess" time="3.711"/>
  <testcase classname="xyzBankTest.xyzBank" name="AssertionPart" time="1.021"/>
</testsuite> <!-- Default test -->
