<?xml version="1.0" encoding="UTF-8"?>
<!-- Generated by org.testng.reporters.JUnitXMLReporter -->
<testsuite ignored="0" hostname="DESKTOP-13EV4P4" failures="0" tests="4" name="Default test" time="14.284" errors="0" timestamp="2023-12-23T09:59:44 EET">
  <testcase classname="xyzBankTest.xyzBank" name="login" time="4.459"/>
  <testcase classname="xyzBankTest.xyzBank" name="DepositProcess" time="3.872"/>
  <testcase classname="xyzBankTest.xyzBank" name="withdrawalProcess" time="3.799"/>
  <testcase classname="xyzBankTest.xyzBank" name="AssertionPart" time="1.017"/>
</testsuite> <!-- Default test -->
