<?xml version="1.0" encoding="UTF-8"?>
<testng-results ignored="0" total="4" passed="4" failed="0" skipped="0">
  <reporter-output>
  </reporter-output>
  <suite started-at="2024-01-07T22:13:11 EET" name="Default suite" finished-at="2024-01-07T22:13:26 EET" duration-ms="14728">
    <groups>
    </groups>
    <test started-at="2024-01-07T22:13:11 EET" name="Default test" finished-at="2024-01-07T22:13:26 EET" duration-ms="14728">
      <class name="xyzBankTest.xyzBank">
        <test-method is-config="true" signature="setup()[pri:0, instance:xyzBankTest.xyzBank@5ed731d0]" started-at="2024-01-07T22:13:11 EET" name="setup" finished-at="2024-01-07T22:13:13 EET" duration-ms="1811" status="PASS">
          <reporter-output>
          </reporter-output>
        </test-method> <!-- setup -->
        <test-method signature="login()[pri:1, instance:xyzBankTest.xyzBank@5ed731d0]" started-at="2024-01-07T22:13:13 EET" name="login" finished-at="2024-01-07T22:13:17 EET" duration-ms="4355" status="PASS">
          <reporter-output>
          </reporter-output>
        </test-method> <!-- login -->
        <test-method signature="DepositProcess()[pri:2, instance:xyzBankTest.xyzBank@5ed731d0]" started-at="2024-01-07T22:13:17 EET" name="DepositProcess" finished-at="2024-01-07T22:13:21 EET" duration-ms="3793" status="PASS">
          <reporter-output>
          </reporter-output>
        </test-method> <!-- DepositProcess -->
        <test-method signature="withdrawalProcess()[pri:3, instance:xyzBankTest.xyzBank@5ed731d0]" started-at="2024-01-07T22:13:21 EET" name="withdrawalProcess" finished-at="2024-01-07T22:13:25 EET" duration-ms="3711" status="PASS">
          <reporter-output>
          </reporter-output>
        </test-method> <!-- withdrawalProcess -->
        <test-method signature="AssertionPart()[pri:4, instance:xyzBankTest.xyzBank@5ed731d0]" started-at="2024-01-07T22:13:25 EET" name="AssertionPart" finished-at="2024-01-07T22:13:26 EET" duration-ms="1021" status="PASS">
          <reporter-output>
          </reporter-output>
        </test-method> <!-- AssertionPart -->
        <test-method is-config="true" signature="afterTest()[pri:0, instance:xyzBankTest.xyzBank@5ed731d0]" started-at="2024-01-07T22:13:26 EET" name="afterTest" finished-at="2024-01-07T22:13:26 EET" duration-ms="0" status="PASS">
          <reporter-output>
          </reporter-output>
        </test-method> <!-- afterTest -->
      </class> <!-- xyzBankTest.xyzBank -->
    </test> <!-- Default test -->
  </suite> <!-- Default suite -->
</testng-results>
