<?xml version="1.0" encoding="UTF-8"?>
<testng-results ignored="0" total="4" passed="4" failed="0" skipped="0">
  <reporter-output>
  </reporter-output>
  <suite started-at="2023-12-23T09:59:30 EET" name="Default suite" finished-at="2023-12-23T09:59:44 EET" duration-ms="14284">
    <groups>
    </groups>
    <test started-at="2023-12-23T09:59:30 EET" name="Default test" finished-at="2023-12-23T09:59:44 EET" duration-ms="14284">
      <class name="xyzBankTest.xyzBank">
        <test-method is-config="true" signature="setup()[pri:0, instance:xyzBankTest.xyzBank@269f4bad]" started-at="2023-12-23T09:59:30 EET" name="setup" finished-at="2023-12-23T09:59:31 EET" duration-ms="1097" status="PASS">
          <reporter-output>
          </reporter-output>
        </test-method> <!-- setup -->
        <test-method signature="login()[pri:1, instance:xyzBankTest.xyzBank@269f4bad]" started-at="2023-12-23T09:59:31 EET" name="login" finished-at="2023-12-23T09:59:36 EET" duration-ms="4459" status="PASS">
          <reporter-output>
          </reporter-output>
        </test-method> <!-- login -->
        <test-method signature="DepositProcess()[pri:2, instance:xyzBankTest.xyzBank@269f4bad]" started-at="2023-12-23T09:59:36 EET" name="DepositProcess" finished-at="2023-12-23T09:59:39 EET" duration-ms="3872" status="PASS">
          <reporter-output>
          </reporter-output>
        </test-method> <!-- DepositProcess -->
        <test-method signature="withdrawalProcess()[pri:3, instance:xyzBankTest.xyzBank@269f4bad]" started-at="2023-12-23T09:59:39 EET" name="withdrawalProcess" finished-at="2023-12-23T09:59:43 EET" duration-ms="3799" status="PASS">
          <reporter-output>
          </reporter-output>
        </test-method> <!-- withdrawalProcess -->
        <test-method signature="AssertionPart()[pri:4, instance:xyzBankTest.xyzBank@269f4bad]" started-at="2023-12-23T09:59:43 EET" name="AssertionPart" finished-at="2023-12-23T09:59:44 EET" duration-ms="1017" status="PASS">
          <reporter-output>
          </reporter-output>
        </test-method> <!-- AssertionPart -->
        <test-method is-config="true" signature="afterTest()[pri:0, instance:xyzBankTest.xyzBank@269f4bad]" started-at="2023-12-23T09:59:44 EET" name="afterTest" finished-at="2023-12-23T09:59:44 EET" duration-ms="0" status="PASS">
          <reporter-output>
          </reporter-output>
        </test-method> <!-- afterTest -->
      </class> <!-- xyzBankTest.xyzBank -->
    </test> <!-- Default test -->
  </suite> <!-- Default suite -->
</testng-results>
